<?xml version="1.0" encoding="UTF-8"?>
<!-- Generated by org.testng.reporters.JUnitReportReporter -->
<testsuite hostname="LAPTOP-4BJE5N9O" failures="0" tests="1" name="com.acti.test.ActitimeLoginLogout" time="8.322" errors="0" timestamp="2022-12-27T15:00:49 IST" skipped="0">
  <testcase classname="com.acti.test.ActitimeLoginLogout" name="loginlogout" time="8.322"/>
  <system-out/>
</testsuite> <!-- com.acti.test.ActitimeLoginLogout -->
